<?xml version="1.0" encoding="UTF-8"?>
<testsuite name="_deok.mini_airbnb.MiniAirbnbApplicationTests" tests="1" skipped="0" failures="0" errors="0" timestamp="2025-02-06T05:52:43" hostname="SJui-MacBookPro.local" time="0.321">
  <properties/>
  <testcase name="contextLoads()" classname="_deok.mini_airbnb.MiniAirbnbApplicationTests" time="0.321"/>
  <system-out><![CDATA[14:52:41.655 [Test worker] INFO org.springframework.test.context.support.AnnotationConfigContextLoaderUtils -- Could not detect default configuration classes for test class [_deok.mini_airbnb.MiniAirbnbApplicationTests]: MiniAirbnbApplicationTests does not declare any static, non-private, non-final, nested classes annotated with @Configuration.
14:52:41.698 [Test worker] INFO org.springframework.boot.test.context.SpringBootTestContextBootstrapper -- Found @SpringBootConfiguration _deok.mini_airbnb.MiniAirbnbApplication for test class _deok.mini_airbnb.MiniAirbnbApplicationTests

  .   ____          _            __ _ _
 /\\ / ___'_ __ _ _(_)_ __  __ _ \ \ \ \
( ( )\___ | '_ | '_| | '_ \/ _` | \ \ \ \
 \\/  ___)| |_)| | | | | || (_| |  ) ) ) )
  '  |____| .__|_| |_|_| |_\__, | / / / /
 =========|_|==============|___/=/_/_/_/

 :: Spring Boot ::                (v3.4.2)

2025-02-06T14:52:41.862+09:00  INFO 39912 --- [mini-airbnb] [    Test worker] _.m.MiniAirbnbApplicationTests           : Starting MiniAirbnbApplicationTests using Java 21.0.1 with PID 39912 (started by sj in /Users/sj/Desktop/9deok/study/hexagonal-mini-airbnb)
2025-02-06T14:52:41.863+09:00  INFO 39912 --- [mini-airbnb] [    Test worker] _.m.MiniAirbnbApplicationTests           : No active profile set, falling back to 1 default profile: "default"
2025-02-06T14:52:42.112+09:00  INFO 39912 --- [mini-airbnb] [    Test worker] .s.d.r.c.RepositoryConfigurationDelegate : Bootstrapping Spring Data JPA repositories in DEFAULT mode.
2025-02-06T14:52:42.126+09:00  INFO 39912 --- [mini-airbnb] [    Test worker] .s.d.r.c.RepositoryConfigurationDelegate : Finished Spring Data repository scanning in 10 ms. Found 0 JPA repository interfaces.
2025-02-06T14:52:42.311+09:00  INFO 39912 --- [mini-airbnb] [    Test worker] o.hibernate.jpa.internal.util.LogHelper  : HHH000204: Processing PersistenceUnitInfo [name: default]
2025-02-06T14:52:42.332+09:00  INFO 39912 --- [mini-airbnb] [    Test worker] org.hibernate.Version                    : HHH000412: Hibernate ORM core version 6.6.5.Final
2025-02-06T14:52:42.345+09:00  INFO 39912 --- [mini-airbnb] [    Test worker] o.h.c.internal.RegionFactoryInitiator    : HHH000026: Second-level cache disabled
2025-02-06T14:52:42.451+09:00  INFO 39912 --- [mini-airbnb] [    Test worker] o.s.o.j.p.SpringPersistenceUnitInfo      : No LoadTimeWeaver setup: ignoring JPA class transformer
2025-02-06T14:52:42.471+09:00  INFO 39912 --- [mini-airbnb] [    Test worker] com.zaxxer.hikari.HikariDataSource       : HikariPool-1 - Starting...
2025-02-06T14:52:42.541+09:00  INFO 39912 --- [mini-airbnb] [    Test worker] com.zaxxer.hikari.pool.HikariPool        : HikariPool-1 - Added connection conn0: url=jdbc:h2:mem:test user=TEST
2025-02-06T14:52:42.542+09:00  INFO 39912 --- [mini-airbnb] [    Test worker] com.zaxxer.hikari.HikariDataSource       : HikariPool-1 - Start completed.
2025-02-06T14:52:42.551+09:00  WARN 39912 --- [mini-airbnb] [    Test worker] org.hibernate.orm.deprecation            : HHH90000025: H2Dialect does not need to be specified explicitly using 'hibernate.dialect' (remove the property setting and it will be selected by default)
2025-02-06T14:52:42.559+09:00  INFO 39912 --- [mini-airbnb] [    Test worker] org.hibernate.orm.connections.pooling    : HHH10001005: Database info:
	Database JDBC URL [Connecting through datasource 'HikariDataSource (HikariPool-1)']
	Database driver: undefined/unknown
	Database version: 2.3.232
	Autocommit mode: undefined/unknown
	Isolation level: undefined/unknown
	Minimum pool size: undefined/unknown
	Maximum pool size: undefined/unknown
2025-02-06T14:52:42.875+09:00  INFO 39912 --- [mini-airbnb] [    Test worker] o.h.e.t.j.p.i.JtaPlatformInitiator       : HHH000489: No JTA platform available (set 'hibernate.transaction.jta.platform' to enable JTA platform integration)
Hibernate: 
    drop table if exists user_entity cascade 
Hibernate: 
    create table user_entity (
        created_date timestamp(6),
        id bigint generated by default as identity,
        modified_date timestamp(6),
        email varchar(255),
        password varchar(255),
        user_name varchar(255),
        user_role enum ('ROLE_ADMIN','ROLE_USER'),
        primary key (id)
    )
2025-02-06T14:52:42.889+09:00  INFO 39912 --- [mini-airbnb] [    Test worker] j.LocalContainerEntityManagerFactoryBean : Initialized JPA EntityManagerFactory for persistence unit 'default'
2025-02-06T14:52:42.934+09:00  INFO 39912 --- [mini-airbnb] [    Test worker] r$InitializeUserDetailsManagerConfigurer : Global AuthenticationManager configured with UserDetailsService bean with name userDetailsServiceImpl
2025-02-06T14:52:42.939+09:00  INFO 39912 --- [mini-airbnb] [    Test worker] f.a.AutowiredAnnotationBeanPostProcessor : Autowired annotation is not supported on static fields: private static javax.crypto.SecretKey _deok.mini_airbnb.global.auth.utils.TokenUtils.JWT_SECRET_KEY
2025-02-06T14:52:42.964+09:00  WARN 39912 --- [mini-airbnb] [    Test worker] JpaBaseConfiguration$JpaWebConfiguration : spring.jpa.open-in-view is enabled by default. Therefore, database queries may be performed during view rendering. Explicitly configure spring.jpa.open-in-view to disable this warning
2025-02-06T14:52:43.095+09:00  WARN 39912 --- [mini-airbnb] [    Test worker] o.s.s.c.a.web.builders.WebSecurity       : You are asking Spring Security to ignore org.springframework.boot.autoconfigure.security.servlet.StaticResourceRequest$StaticResourceRequestMatcher@41e43885. This is not recommended -- please use permitAll via HttpSecurity#authorizeHttpRequests instead.
2025-02-06T14:52:43.197+09:00  INFO 39912 --- [mini-airbnb] [    Test worker] o.s.b.a.h2.H2ConsoleAutoConfiguration    : H2 console available at '/h2-console'. Database available at 'jdbc:h2:mem:test'
2025-02-06T14:52:43.230+09:00  INFO 39912 --- [mini-airbnb] [    Test worker] _.m.MiniAirbnbApplicationTests           : Started MiniAirbnbApplicationTests in 1.474 seconds (process running for 1.995)
]]></system-out>
  <system-err><![CDATA[Mockito is currently self-attaching to enable the inline-mock-maker. This will no longer work in future releases of the JDK. Please add Mockito as an agent to your build what is described in Mockito's documentation: https://javadoc.io/doc/org.mockito/mockito-core/latest/org/mockito/Mockito.html#0.3
WARNING: A Java agent has been loaded dynamically (/Users/sj/.gradle/caches/modules-2/files-2.1/net.bytebuddy/byte-buddy-agent/1.15.11/a38b16385e867f59a641330f0362ebe742788ed8/byte-buddy-agent-1.15.11.jar)
WARNING: If a serviceability tool is in use, please run with -XX:+EnableDynamicAgentLoading to hide this warning
WARNING: If a serviceability tool is not in use, please run with -Djdk.instrument.traceUsage for more information
WARNING: Dynamic loading of agents will be disallowed by default in a future release
]]></system-err>
</testsuite>
